<?xml version="1.0" encoding="UTF-8"?>
<!-- Generated by org.testng.reporters.JUnitXMLReporter -->
<testsuite ignored="0" hostname="LAPTOP-J3FRUKGM" failures="0" tests="4" name="Default test" time="44.879" errors="0" timestamp="2019-04-04T21:01:09 CDT">
  <testcase classname="com.TestCases.ProductsNServicePageTest" name="verifyAddService" time="4.568"/>
  <testcase classname="com.TestCases.ProductsNServicePageTest" name="verifyAddService" time="4.336"/>
  <testcase classname="com.TestCases.ProductsNServicePageTest" name="verifyAddService" time="4.428"/>
  <testcase classname="com.TestCases.ProductsNServicePageTest" name="verifyAddService" time="4.348"/>
</testsuite> <!-- Default test -->
