<?xml version="1.0" encoding="UTF-8"?>
<testng-results ignored="0" total="4" passed="4" failed="0" skipped="0">
  <reporter-output>
  </reporter-output>
  <suite started-at="2019-04-04T21:00:24 CDT" name="Default suite" finished-at="2019-04-04T21:01:09 CDT" duration-ms="44879">
    <groups>
    </groups>
    <test started-at="2019-04-04T21:00:24 CDT" name="Default test" finished-at="2019-04-04T21:01:09 CDT" duration-ms="44879">
      <class name="com.TestCases.ProductsNServicePageTest">
        <test-method is-config="true" signature="SetUp()[pri:0, instance:com.TestCases.ProductsNServicePageTest@d21a74c]" started-at="2019-04-04T21:00:24 CDT" name="SetUp" finished-at="2019-04-04T21:00:31 CDT" duration-ms="6337" status="PASS">
          <reporter-output>
          </reporter-output>
        </test-method> <!-- SetUp -->
        <test-method signature="verifyAddService(java.lang.String, java.lang.String, java.lang.String, java.lang.String)[pri:0, instance:com.TestCases.ProductsNServicePageTest@d21a74c]" started-at="2019-04-04T21:00:31 CDT" name="verifyAddService" data-provider="dataneeded" finished-at="2019-04-04T21:00:35 CDT" duration-ms="4568" status="PASS">
          <params>
            <param index="0">
              <value>
                <![CDATA[Bob]]>
              </value>
            </param>
            <param index="1">
              <value>
                <![CDATA[100.0]]>
              </value>
            </param>
            <param index="2">
              <value>
                <![CDATA[1001.0]]>
              </value>
            </param>
            <param index="3">
              <value>
                <![CDATA[Test1]]>
              </value>
            </param>
          </params>
          <reporter-output>
          </reporter-output>
        </test-method> <!-- verifyAddService -->
        <test-method is-config="true" signature="TearDown()[pri:0, instance:com.TestCases.ProductsNServicePageTest@d21a74c]" started-at="2019-04-04T21:00:35 CDT" name="TearDown" finished-at="2019-04-04T21:00:36 CDT" duration-ms="757" status="PASS">
          <reporter-output>
          </reporter-output>
        </test-method> <!-- TearDown -->
        <test-method is-config="true" signature="SetUp()[pri:0, instance:com.TestCases.ProductsNServicePageTest@d21a74c]" started-at="2019-04-04T21:00:36 CDT" name="SetUp" finished-at="2019-04-04T21:00:41 CDT" duration-ms="5395" status="PASS">
          <reporter-output>
          </reporter-output>
        </test-method> <!-- SetUp -->
        <test-method signature="verifyAddService(java.lang.String, java.lang.String, java.lang.String, java.lang.String)[pri:0, instance:com.TestCases.ProductsNServicePageTest@d21a74c]" started-at="2019-04-04T21:00:41 CDT" name="verifyAddService" data-provider="dataneeded" finished-at="2019-04-04T21:00:46 CDT" duration-ms="4336" status="PASS">
          <params>
            <param index="0">
              <value>
                <![CDATA[Jim]]>
              </value>
            </param>
            <param index="1">
              <value>
                <![CDATA[200.0]]>
              </value>
            </param>
            <param index="2">
              <value>
                <![CDATA[1002.0]]>
              </value>
            </param>
            <param index="3">
              <value>
                <![CDATA[Test2]]>
              </value>
            </param>
          </params>
          <reporter-output>
          </reporter-output>
        </test-method> <!-- verifyAddService -->
        <test-method is-config="true" signature="TearDown()[pri:0, instance:com.TestCases.ProductsNServicePageTest@d21a74c]" started-at="2019-04-04T21:00:46 CDT" name="TearDown" finished-at="2019-04-04T21:00:47 CDT" duration-ms="759" status="PASS">
          <reporter-output>
          </reporter-output>
        </test-method> <!-- TearDown -->
        <test-method is-config="true" signature="SetUp()[pri:0, instance:com.TestCases.ProductsNServicePageTest@d21a74c]" started-at="2019-04-04T21:00:47 CDT" name="SetUp" finished-at="2019-04-04T21:00:52 CDT" duration-ms="5591" status="PASS">
          <reporter-output>
          </reporter-output>
        </test-method> <!-- SetUp -->
        <test-method signature="verifyAddService(java.lang.String, java.lang.String, java.lang.String, java.lang.String)[pri:0, instance:com.TestCases.ProductsNServicePageTest@d21a74c]" started-at="2019-04-04T21:00:52 CDT" name="verifyAddService" data-provider="dataneeded" finished-at="2019-04-04T21:00:57 CDT" duration-ms="4428" status="PASS">
          <params>
            <param index="0">
              <value>
                <![CDATA[John]]>
              </value>
            </param>
            <param index="1">
              <value>
                <![CDATA[300.0]]>
              </value>
            </param>
            <param index="2">
              <value>
                <![CDATA[1003.0]]>
              </value>
            </param>
            <param index="3">
              <value>
                <![CDATA[Test3]]>
              </value>
            </param>
          </params>
          <reporter-output>
          </reporter-output>
        </test-method> <!-- verifyAddService -->
        <test-method is-config="true" signature="TearDown()[pri:0, instance:com.TestCases.ProductsNServicePageTest@d21a74c]" started-at="2019-04-04T21:00:57 CDT" name="TearDown" finished-at="2019-04-04T21:00:57 CDT" duration-ms="760" status="PASS">
          <reporter-output>
          </reporter-output>
        </test-method> <!-- TearDown -->
        <test-method is-config="true" signature="SetUp()[pri:0, instance:com.TestCases.ProductsNServicePageTest@d21a74c]" started-at="2019-04-04T21:00:57 CDT" name="SetUp" finished-at="2019-04-04T21:01:04 CDT" duration-ms="6291" status="PASS">
          <reporter-output>
          </reporter-output>
        </test-method> <!-- SetUp -->
        <test-method signature="verifyAddService(java.lang.String, java.lang.String, java.lang.String, java.lang.String)[pri:0, instance:com.TestCases.ProductsNServicePageTest@d21a74c]" started-at="2019-04-04T21:01:04 CDT" name="verifyAddService" data-provider="dataneeded" finished-at="2019-04-04T21:01:08 CDT" duration-ms="4348" status="PASS">
          <params>
            <param index="0">
              <value>
                <![CDATA[Han]]>
              </value>
            </param>
            <param index="1">
              <value>
                <![CDATA[400.0]]>
              </value>
            </param>
            <param index="2">
              <value>
                <![CDATA[1004.0]]>
              </value>
            </param>
            <param index="3">
              <value>
                <![CDATA[Test4]]>
              </value>
            </param>
          </params>
          <reporter-output>
          </reporter-output>
        </test-method> <!-- verifyAddService -->
        <test-method is-config="true" signature="TearDown()[pri:0, instance:com.TestCases.ProductsNServicePageTest@d21a74c]" started-at="2019-04-04T21:01:08 CDT" name="TearDown" finished-at="2019-04-04T21:01:09 CDT" duration-ms="756" status="PASS">
          <reporter-output>
          </reporter-output>
        </test-method> <!-- TearDown -->
      </class> <!-- com.TestCases.ProductsNServicePageTest -->
    </test> <!-- Default test -->
  </suite> <!-- Default suite -->
</testng-results>
